***********************************************************************
Component:daemons-test
---------------------------------------------------------------------->
Case-001:daemons-gzip-Sanity-test-of-4G-file-comp-decomp is running
正在读取软件包列表...
正在分析软件包的依赖关系树...
正在读取状态信息...
gzip 已经是最新版 (1.6-5)。
下列软件包是自动安装的并且现在不需要了：
  linux-kbuild-4.4
使用'sudo apt autoremove'来卸载它(它们)。
升级了 0 个软件包，新安装了 0 个软件包，要卸载 0 个软件包，有 0 个软件包未被升级。
TmpDir=`mktemp -d`
05:20:20 PASS | Creating tmp directory success
pushd /tmp/tmp.geVlKGydO4
05:20:20 PASS | Running 'pushd /tmp/tmp.geVlKGydO4' success
dd if=/dev/zero bs=1M count=4100 | gzip > out.gz
05:20:46 PASS | Running 'dd if=/dev/zero  bs=1M count=4100 | gzip >  out.gz' success
05:20:46 PASS | out.gz exists
gunzip <out.gz >out; ls -sh out
05:21:30 PASS | Running 'gunzip <out.gz >out; ls -sh out' success
05:21:30 PASS | out exists
popd
05:21:30 PASS | Running 'popd' success
rm -r /tmp/tmp.geVlKGydO4
05:21:31 PASS | Removing tmp directory success
05:21:31 INFO | gzip test-of-4G-file-comp-decomp finish
